This is pdfTeX, Version 3.141592653-2.6-1.40.26 (TeX Live 2024) (preloaded format=pdflatex 2024.8.6)  18 MAR 2025 21:01
entering extended mode
 restricted \write18 enabled.
 %&-line parsing enabled.
**main.tex
(./main.tex
LaTeX2e <2023-11-01> patch level 1
L3 programming layer <2024-02-20>
(/usr/local/texlive/2024/texmf-dist/tex/latex/base/article.cls
Document Class: article 2023/05/17 v1.4n Standard LaTeX document class
(/usr/local/texlive/2024/texmf-dist/tex/latex/base/size10.clo
File: size10.clo 2023/05/17 v1.4n Standard LaTeX file (size option)
)
\c@part=\count188
\c@section=\count189
\c@subsection=\count190
\c@subsubsection=\count191
\c@paragraph=\count192
\c@subparagraph=\count193
\c@figure=\count194
\c@table=\count195
\abovecaptionskip=\skip48
\belowcaptionskip=\skip49
\bibindent=\dimen140
)
(/usr/local/texlive/2024/texmf-dist/tex/latex/amsmath/amsmath.sty
Package: amsmath 2023/05/13 v2.17o AMS math features
\@mathmargin=\skip50

For additional information on amsmath, use the `?' option.
(/usr/local/texlive/2024/texmf-dist/tex/latex/amsmath/amstext.sty
Package: amstext 2021/08/26 v2.01 AMS text

(/usr/local/texlive/2024/texmf-dist/tex/latex/amsmath/amsgen.sty
File: amsgen.sty 1999/11/30 v2.0 generic functions
\@emptytoks=\toks17
\ex@=\dimen141
))
(/usr/local/texlive/2024/texmf-dist/tex/latex/amsmath/amsbsy.sty
Package: amsbsy 1999/11/29 v1.2d Bold Symbols
\pmbraise@=\dimen142
)
(/usr/local/texlive/2024/texmf-dist/tex/latex/amsmath/amsopn.sty
Package: amsopn 2022/04/08 v2.04 operator names
)
\inf@bad=\count196
LaTeX Info: Redefining \frac on input line 234.
\uproot@=\count197
\leftroot@=\count198
LaTeX Info: Redefining \overline on input line 399.
LaTeX Info: Redefining \colon on input line 410.
\classnum@=\count199
\DOTSCASE@=\count266
LaTeX Info: Redefining \ldots on input line 496.
LaTeX Info: Redefining \dots on input line 499.
LaTeX Info: Redefining \cdots on input line 620.
\Mathstrutbox@=\box51
\strutbox@=\box52
LaTeX Info: Redefining \big on input line 722.
LaTeX Info: Redefining \Big on input line 723.
LaTeX Info: Redefining \bigg on input line 724.
LaTeX Info: Redefining \Bigg on input line 725.
\big@size=\dimen143
LaTeX Font Info:    Redeclaring font encoding OML on input line 743.
LaTeX Font Info:    Redeclaring font encoding OMS on input line 744.
\macc@depth=\count267
LaTeX Info: Redefining \bmod on input line 905.
LaTeX Info: Redefining \pmod on input line 910.
LaTeX Info: Redefining \smash on input line 940.
LaTeX Info: Redefining \relbar on input line 970.
LaTeX Info: Redefining \Relbar on input line 971.
\c@MaxMatrixCols=\count268
\dotsspace@=\muskip16
\c@parentequation=\count269
\dspbrk@lvl=\count270
\tag@help=\toks18
\row@=\count271
\column@=\count272
\maxfields@=\count273
\andhelp@=\toks19
\eqnshift@=\dimen144
\alignsep@=\dimen145
\tagshift@=\dimen146
\tagwidth@=\dimen147
\totwidth@=\dimen148
\lineht@=\dimen149
\@envbody=\toks20
\multlinegap=\skip51
\multlinetaggap=\skip52
\mathdisplay@stack=\toks21
LaTeX Info: Redefining \[ on input line 2953.
LaTeX Info: Redefining \] on input line 2954.
)
(/usr/local/texlive/2024/texmf-dist/tex/latex/graphics/graphicx.sty
Package: graphicx 2021/09/16 v1.2d Enhanced LaTeX Graphics (DPC,SPQR)

(/usr/local/texlive/2024/texmf-dist/tex/latex/graphics/keyval.sty
Package: keyval 2022/05/29 v1.15 key=value parser (DPC)
\KV@toks@=\toks22
)
(/usr/local/texlive/2024/texmf-dist/tex/latex/graphics/graphics.sty
Package: graphics 2022/03/10 v1.4e Standard LaTeX Graphics (DPC,SPQR)

(/usr/local/texlive/2024/texmf-dist/tex/latex/graphics/trig.sty
Package: trig 2021/08/11 v1.11 sin cos tan (DPC)
)
(/usr/local/texlive/2024/texmf-dist/tex/latex/graphics-cfg/graphics.cfg
File: graphics.cfg 2016/06/04 v1.11 sample graphics configuration
)
Package graphics Info: Driver file: pdftex.def on input line 107.

(/usr/local/texlive/2024/texmf-dist/tex/latex/graphics-def/pdftex.def
File: pdftex.def 2022/09/22 v1.2b Graphics/color driver for pdftex
))
\Gin@req@height=\dimen150
\Gin@req@width=\dimen151
)
(/usr/local/texlive/2024/texmf-dist/tex/latex/float/float.sty
Package: float 2001/11/08 v1.3d Float enhancements (AL)
\c@float@type=\count274
\float@exts=\toks23
\float@box=\box53
\@float@everytoks=\toks24
\@floatcapt=\box54
)
(/usr/local/texlive/2024/texmf-dist/tex/latex/subfigure/subfigure.sty
Package: subfigure 2002/03/15 v2.1.5 subfigure package
\subfigtopskip=\skip53
\subfigcapskip=\skip54
\subfigcaptopadj=\dimen152
\subfigbottomskip=\skip55
\subfigcapmargin=\dimen153
\subfiglabelskip=\skip56
\c@subfigure=\count275
\c@lofdepth=\count276
\c@subtable=\count277
\c@lotdepth=\count278

****************************************
* Local config file subfigure.cfg used *
****************************************
(/usr/local/texlive/2024/texmf-dist/tex/latex/subfigure/subfigure.cfg)
\subfig@top=\skip57
\subfig@bottom=\skip58
)
(/usr/local/texlive/2024/texmf-dist/tex/latex/hyperref/hyperref.sty
Package: hyperref 2024-01-20 v7.01h Hypertext links for LaTeX

(/usr/local/texlive/2024/texmf-dist/tex/generic/iftex/iftex.sty
Package: iftex 2022/02/03 v1.0f TeX engine tests
)
(/usr/local/texlive/2024/texmf-dist/tex/latex/kvsetkeys/kvsetkeys.sty
Package: kvsetkeys 2022-10-05 v1.19 Key value parser (HO)
)
(/usr/local/texlive/2024/texmf-dist/tex/generic/kvdefinekeys/kvdefinekeys.sty
Package: kvdefinekeys 2019-12-19 v1.6 Define keys (HO)
)
(/usr/local/texlive/2024/texmf-dist/tex/generic/pdfescape/pdfescape.sty
Package: pdfescape 2019/12/09 v1.15 Implements pdfTeX's escape features (HO)

(/usr/local/texlive/2024/texmf-dist/tex/generic/ltxcmds/ltxcmds.sty
Package: ltxcmds 2023-12-04 v1.26 LaTeX kernel commands for general use (HO)
)
(/usr/local/texlive/2024/texmf-dist/tex/generic/pdftexcmds/pdftexcmds.sty
Package: pdftexcmds 2020-06-27 v0.33 Utility functions of pdfTeX for LuaTeX (HO
)

(/usr/local/texlive/2024/texmf-dist/tex/generic/infwarerr/infwarerr.sty
Package: infwarerr 2019/12/03 v1.5 Providing info/warning/error messages (HO)
)
Package pdftexcmds Info: \pdf@primitive is available.
Package pdftexcmds Info: \pdf@ifprimitive is available.
Package pdftexcmds Info: \pdfdraftmode found.
))
(/usr/local/texlive/2024/texmf-dist/tex/latex/hycolor/hycolor.sty
Package: hycolor 2020-01-27 v1.10 Color options for hyperref/bookmark (HO)
)
(/usr/local/texlive/2024/texmf-dist/tex/latex/auxhook/auxhook.sty
Package: auxhook 2019-12-17 v1.6 Hooks for auxiliary files (HO)
)
(/usr/local/texlive/2024/texmf-dist/tex/latex/hyperref/nameref.sty
Package: nameref 2023-11-26 v2.56 Cross-referencing by name of section

(/usr/local/texlive/2024/texmf-dist/tex/latex/refcount/refcount.sty
Package: refcount 2019/12/15 v3.6 Data extraction from label references (HO)
)
(/usr/local/texlive/2024/texmf-dist/tex/generic/gettitlestring/gettitlestring.s
ty
Package: gettitlestring 2019/12/15 v1.6 Cleanup title references (HO)
 (/usr/local/texlive/2024/texmf-dist/tex/latex/kvoptions/kvoptions.sty
Package: kvoptions 2022-06-15 v3.15 Key value format for package options (HO)
))
\c@section@level=\count279
)
(/usr/local/texlive/2024/texmf-dist/tex/latex/etoolbox/etoolbox.sty
Package: etoolbox 2020/10/05 v2.5k e-TeX tools for LaTeX (JAW)
\etb@tempcnta=\count280
)
\@linkdim=\dimen154
\Hy@linkcounter=\count281
\Hy@pagecounter=\count282

(/usr/local/texlive/2024/texmf-dist/tex/latex/hyperref/pd1enc.def
File: pd1enc.def 2024-01-20 v7.01h Hyperref: PDFDocEncoding definition (HO)
Now handling font encoding PD1 ...
... no UTF-8 mapping file for font encoding PD1
)
(/usr/local/texlive/2024/texmf-dist/tex/generic/intcalc/intcalc.sty
Package: intcalc 2019/12/15 v1.3 Expandable calculations with integers (HO)
)
\Hy@SavedSpaceFactor=\count283

(/usr/local/texlive/2024/texmf-dist/tex/latex/hyperref/puenc.def
File: puenc.def 2024-01-20 v7.01h Hyperref: PDF Unicode definition (HO)
Now handling font encoding PU ...
... no UTF-8 mapping file for font encoding PU
)
Package hyperref Info: Hyper figures OFF on input line 4179.
Package hyperref Info: Link nesting OFF on input line 4184.
Package hyperref Info: Hyper index ON on input line 4187.
Package hyperref Info: Plain pages OFF on input line 4194.
Package hyperref Info: Backreferencing OFF on input line 4199.
Package hyperref Info: Implicit mode ON; LaTeX internals redefined.
Package hyperref Info: Bookmarks ON on input line 4446.
\c@Hy@tempcnt=\count284

(/usr/local/texlive/2024/texmf-dist/tex/latex/url/url.sty
\Urlmuskip=\muskip17
Package: url 2013/09/16  ver 3.4  Verb mode for urls, etc.
)
LaTeX Info: Redefining \url on input line 4784.
\XeTeXLinkMargin=\dimen155

(/usr/local/texlive/2024/texmf-dist/tex/generic/bitset/bitset.sty
Package: bitset 2019/12/09 v1.3 Handle bit-vector datatype (HO)

(/usr/local/texlive/2024/texmf-dist/tex/generic/bigintcalc/bigintcalc.sty
Package: bigintcalc 2019/12/15 v1.5 Expandable calculations on big integers (HO
)
))
\Fld@menulength=\count285
\Field@Width=\dimen156
\Fld@charsize=\dimen157
Package hyperref Info: Hyper figures OFF on input line 6063.
Package hyperref Info: Link nesting OFF on input line 6068.
Package hyperref Info: Hyper index ON on input line 6071.
Package hyperref Info: backreferencing OFF on input line 6078.
Package hyperref Info: Link coloring OFF on input line 6083.
Package hyperref Info: Link coloring with OCG OFF on input line 6088.
Package hyperref Info: PDF/A mode OFF on input line 6093.

(/usr/local/texlive/2024/texmf-dist/tex/latex/base/atbegshi-ltx.sty
Package: atbegshi-ltx 2021/01/10 v1.0c Emulation of the original atbegshi
package with kernel methods
)
\Hy@abspage=\count286
\c@Item=\count287
\c@Hfootnote=\count288
)
Package hyperref Info: Driver (autodetected): hpdftex.

(/usr/local/texlive/2024/texmf-dist/tex/latex/hyperref/hpdftex.def
File: hpdftex.def 2024-01-20 v7.01h Hyperref driver for pdfTeX

(/usr/local/texlive/2024/texmf-dist/tex/latex/base/atveryend-ltx.sty
Package: atveryend-ltx 2020/08/19 v1.0a Emulation of the original atveryend pac
kage
with kernel methods
)
\Fld@listcount=\count289
\c@bookmark@seq@number=\count290

(/usr/local/texlive/2024/texmf-dist/tex/latex/rerunfilecheck/rerunfilecheck.sty
Package: rerunfilecheck 2022-07-10 v1.10 Rerun checks for auxiliary files (HO)

(/usr/local/texlive/2024/texmf-dist/tex/generic/uniquecounter/uniquecounter.sty
Package: uniquecounter 2019/12/15 v1.4 Provide unlimited unique counter (HO)
)
Package uniquecounter Info: New unique counter `rerunfilecheck' on input line 2
85.
)
\Hy@SectionHShift=\skip59
)
(/usr/local/texlive/2024/texmf-dist/tex/latex/l3backend/l3backend-pdftex.def
File: l3backend-pdftex.def 2024-02-20 L3 backend support: PDF output (pdfTeX)
\l__color_backend_stack_int=\count291
\l__pdf_internal_box=\box55
)
(./main.aux)
\openout1 = `main.aux'.

LaTeX Font Info:    Checking defaults for OML/cmm/m/it on input line 11.
LaTeX Font Info:    ... okay on input line 11.
LaTeX Font Info:    Checking defaults for OMS/cmsy/m/n on input line 11.
LaTeX Font Info:    ... okay on input line 11.
LaTeX Font Info:    Checking defaults for OT1/cmr/m/n on input line 11.
LaTeX Font Info:    ... okay on input line 11.
LaTeX Font Info:    Checking defaults for T1/cmr/m/n on input line 11.
LaTeX Font Info:    ... okay on input line 11.
LaTeX Font Info:    Checking defaults for TS1/cmr/m/n on input line 11.
LaTeX Font Info:    ... okay on input line 11.
LaTeX Font Info:    Checking defaults for OMX/cmex/m/n on input line 11.
LaTeX Font Info:    ... okay on input line 11.
LaTeX Font Info:    Checking defaults for U/cmr/m/n on input line 11.
LaTeX Font Info:    ... okay on input line 11.
LaTeX Font Info:    Checking defaults for PD1/pdf/m/n on input line 11.
LaTeX Font Info:    ... okay on input line 11.
LaTeX Font Info:    Checking defaults for PU/pdf/m/n on input line 11.
LaTeX Font Info:    ... okay on input line 11.

(/usr/local/texlive/2024/texmf-dist/tex/context/base/mkii/supp-pdf.mkii
[Loading MPS to PDF converter (version 2006.09.02).]
\scratchcounter=\count292
\scratchdimen=\dimen158
\scratchbox=\box56
\nofMPsegments=\count293
\nofMParguments=\count294
\everyMPshowfont=\toks25
\MPscratchCnt=\count295
\MPscratchDim=\dimen159
\MPnumerator=\count296
\makeMPintoPDFobject=\count297
\everyMPtoPDFconversion=\toks26
) (/usr/local/texlive/2024/texmf-dist/tex/latex/epstopdf-pkg/epstopdf-base.sty
Package: epstopdf-base 2020-01-24 v2.11 Base part for package epstopdf
Package epstopdf-base Info: Redefining graphics rule for `.eps' on input line 4
85.

(/usr/local/texlive/2024/texmf-dist/tex/latex/latexconfig/epstopdf-sys.cfg
File: epstopdf-sys.cfg 2010/07/13 v1.3 Configuration of (r)epstopdf for TeX Liv
e
))
Package hyperref Info: Link coloring OFF on input line 11.

(./main.out) (./main.out)
\@outlinefile=\write3
\openout3 = `main.out'.

 [1

{/usr/local/texlive/2024/texmf-var/fonts/map/pdftex/updmap/pdftex.map}{/usr/loc
al/texlive/2024/texmf-dist/fonts/enc/dvips/cm-super/cm-super-ts1.enc}]
<figs/highpasscircuit.jpeg, id=59, 1284.8pt x 722.7pt>
File: figs/highpasscircuit.jpeg Graphic file (type jpg)
<use figs/highpasscircuit.jpeg>
Package pdftex.def Info: figs/highpasscircuit.jpeg  used on input line 66.
(pdftex.def)             Requested size: 276.00105pt x 155.24513pt.
 [2 <./figs/highpasscircuit.jpeg>]
Overfull \hbox (105.77864pt too wide) in paragraph at lines 105--115
 [][] 
 []

<figs/highpassin1.jpeg, id=67, 1160.335pt x 654.445pt>
File: figs/highpassin1.jpeg Graphic file (type jpg)
<use figs/highpassin1.jpeg>
Package pdftex.def Info: figs/highpassin1.jpeg  used on input line 122.
(pdftex.def)             Requested size: 155.24895pt x 87.55736pt.
<figs/highpassout1.jpeg, id=68, 1160.335pt x 654.445pt>
File: figs/highpassout1.jpeg Graphic file (type jpg)
<use figs/highpassout1.jpeg>
Package pdftex.def Info: figs/highpassout1.jpeg  used on input line 126.
(pdftex.def)             Requested size: 155.24895pt x 87.55736pt.
<figs/highpassin2.jpeg, id=69, 1284.8pt x 722.7pt>
File: figs/highpassin2.jpeg Graphic file (type jpg)
<use figs/highpassin2.jpeg>
Package pdftex.def Info: figs/highpassin2.jpeg  used on input line 132.
(pdftex.def)             Requested size: 155.24895pt x 87.32677pt.
<figs/highpassout2.jpeg, id=70, 1284.8pt x 722.7pt>
File: figs/highpassout2.jpeg Graphic file (type jpg)
<use figs/highpassout2.jpeg>
Package pdftex.def Info: figs/highpassout2.jpeg  used on input line 136.
(pdftex.def)             Requested size: 155.24895pt x 87.32677pt.
<figs/highpassin3.jpeg, id=71, 1160.335pt x 654.445pt>
File: figs/highpassin3.jpeg Graphic file (type jpg)
<use figs/highpassin3.jpeg>
Package pdftex.def Info: figs/highpassin3.jpeg  used on input line 142.
(pdftex.def)             Requested size: 155.24895pt x 87.55736pt.
<figs/highpassout3.jpeg, id=72, 1160.335pt x 654.445pt>
File: figs/highpassout3.jpeg Graphic file (type jpg)
<use figs/highpassout3.jpeg>
Package pdftex.def Info: figs/highpassout3.jpeg  used on input line 146.
(pdftex.def)             Requested size: 155.24895pt x 87.55736pt.
[3 <./figs/highpassin1.jpeg> <./figs/highpassout1.jpeg>]
<figs/highpassin4.jpeg, id=91, 1284.8pt x 722.7pt>
File: figs/highpassin4.jpeg Graphic file (type jpg)
<use figs/highpassin4.jpeg>
Package pdftex.def Info: figs/highpassin4.jpeg  used on input line 152.
(pdftex.def)             Requested size: 155.24895pt x 87.32677pt.
<figs/highpassout4.jpeg, id=92, 1160.335pt x 654.445pt>
File: figs/highpassout4.jpeg Graphic file (type jpg)
<use figs/highpassout4.jpeg>
Package pdftex.def Info: figs/highpassout4.jpeg  used on input line 156.
(pdftex.def)             Requested size: 155.24895pt x 87.55736pt.
<figs/highpass.png, id=93, 722.7pt x 433.62pt>
File: figs/highpass.png Graphic file (type png)
<use figs/highpass.png>
Package pdftex.def Info: figs/highpass.png  used on input line 163.
(pdftex.def)             Requested size: 276.00105pt x 165.59775pt.
 [4 <./figs/highpassin2.jpeg> <./figs/highpassout2.jpeg> <./figs/highpassin3.jp
eg> <./figs/highpassout3.jpeg> <./figs/highpassin4.jpeg> <./figs/highpassout4.j
peg>]
<figs/lowpasscircuit.jpeg, id=106, 1284.8pt x 722.7pt>
File: figs/lowpasscircuit.jpeg Graphic file (type jpg)
<use figs/lowpasscircuit.jpeg>
Package pdftex.def Info: figs/lowpasscircuit.jpeg  used on input line 172.
(pdftex.def)             Requested size: 276.00105pt x 155.24513pt.
 [5 <./figs/highpass.png> <./figs/lowpasscircuit.jpeg>]
Overfull \hbox (105.77864pt too wide) in paragraph at lines 211--221
 [][] 
 []

<figs/lowpassin1.jpeg, id=116, 1284.8pt x 963.6pt>
File: figs/lowpassin1.jpeg Graphic file (type jpg)
<use figs/lowpassin1.jpeg>
Package pdftex.def Info: figs/lowpassin1.jpeg  used on input line 228.
(pdftex.def)             Requested size: 155.24895pt x 116.43568pt.
<figs/lowpassout1.jpeg, id=117, 1284.8pt x 963.6pt>
File: figs/lowpassout1.jpeg Graphic file (type jpg)
<use figs/lowpassout1.jpeg>
Package pdftex.def Info: figs/lowpassout1.jpeg  used on input line 232.
(pdftex.def)             Requested size: 155.24895pt x 116.43568pt.
<figs/lowpassin2.jpeg, id=118, 1284.8pt x 963.6pt>
File: figs/lowpassin2.jpeg Graphic file (type jpg)
<use figs/lowpassin2.jpeg>
Package pdftex.def Info: figs/lowpassin2.jpeg  used on input line 238.
(pdftex.def)             Requested size: 155.24895pt x 116.43568pt.
<figs/lowpassout2.jpeg, id=119, 1284.8pt x 963.6pt>
File: figs/lowpassout2.jpeg Graphic file (type jpg)
<use figs/lowpassout2.jpeg>
Package pdftex.def Info: figs/lowpassout2.jpeg  used on input line 242.
(pdftex.def)             Requested size: 155.24895pt x 116.43568pt.
<figs/lowpassin3.jpeg, id=120, 1284.8pt x 963.6pt>
File: figs/lowpassin3.jpeg Graphic file (type jpg)
<use figs/lowpassin3.jpeg>
Package pdftex.def Info: figs/lowpassin3.jpeg  used on input line 248.
(pdftex.def)             Requested size: 155.24895pt x 116.43568pt.
<figs/lowpassout3.jpeg, id=121, 1284.8pt x 963.6pt>
File: figs/lowpassout3.jpeg Graphic file (type jpg)
<use figs/lowpassout3.jpeg>
Package pdftex.def Info: figs/lowpassout3.jpeg  used on input line 252.
(pdftex.def)             Requested size: 155.24895pt x 116.43568pt.
[6 <./figs/lowpassin1.jpeg> <./figs/lowpassout1.jpeg>]
<figs/lowpassin4.jpeg, id=133, 1284.8pt x 963.6pt>
File: figs/lowpassin4.jpeg Graphic file (type jpg)
<use figs/lowpassin4.jpeg>
Package pdftex.def Info: figs/lowpassin4.jpeg  used on input line 258.
(pdftex.def)             Requested size: 155.24895pt x 116.43568pt.
<figs/lowpassout4.jpeg, id=134, 1284.8pt x 963.6pt>
File: figs/lowpassout4.jpeg Graphic file (type jpg)
<use figs/lowpassout4.jpeg>
Package pdftex.def Info: figs/lowpassout4.jpeg  used on input line 262.
(pdftex.def)             Requested size: 155.24895pt x 116.43568pt.
<figs/lowpass.png, id=135, 722.7pt x 433.62pt>
File: figs/lowpass.png Graphic file (type png)
<use figs/lowpass.png>
Package pdftex.def Info: figs/lowpass.png  used on input line 269.
(pdftex.def)             Requested size: 276.00105pt x 165.59775pt.
 [7 <./figs/lowpassin2.jpeg> <./figs/lowpassout2.jpeg> <./figs/lowpassin3.jpeg>
 <./figs/lowpassout3.jpeg> <./figs/lowpassin4.jpeg> <./figs/lowpassout4.jpeg>]
<figs/bandpasscircuit.jpeg, id=148, 1160.335pt x 654.445pt>
File: figs/bandpasscircuit.jpeg Graphic file (type jpg)
<use figs/bandpasscircuit.jpeg>
Package pdftex.def Info: figs/bandpasscircuit.jpeg  used on input line 278.
(pdftex.def)             Requested size: 276.00105pt x 155.66197pt.
 [8 <./figs/lowpass.png> <./figs/bandpasscircuit.jpeg>]
Overfull \hbox (105.77864pt too wide) in paragraph at lines 309--319
 [][] 
 []

<figs/bandpassin1.jpeg, id=156, 1160.335pt x 654.445pt>
File: figs/bandpassin1.jpeg Graphic file (type jpg)
<use figs/bandpassin1.jpeg>
Package pdftex.def Info: figs/bandpassin1.jpeg  used on input line 326.
(pdftex.def)             Requested size: 155.24895pt x 87.55736pt.
<figs/bandpassout1.jpeg, id=157, 1160.335pt x 654.445pt>
File: figs/bandpassout1.jpeg Graphic file (type jpg)
<use figs/bandpassout1.jpeg>
Package pdftex.def Info: figs/bandpassout1.jpeg  used on input line 330.
(pdftex.def)             Requested size: 155.24895pt x 87.55736pt.
<figs/bandpassin2.jpeg, id=158, 1160.335pt x 654.445pt>
File: figs/bandpassin2.jpeg Graphic file (type jpg)
<use figs/bandpassin2.jpeg>
Package pdftex.def Info: figs/bandpassin2.jpeg  used on input line 336.
(pdftex.def)             Requested size: 155.24895pt x 87.55736pt.
<figs/bandpassout2.jpeg, id=159, 1160.335pt x 654.445pt>
File: figs/bandpassout2.jpeg Graphic file (type jpg)
<use figs/bandpassout2.jpeg>
Package pdftex.def Info: figs/bandpassout2.jpeg  used on input line 340.
(pdftex.def)             Requested size: 155.24895pt x 87.55736pt.
<figs/bandpassin3.jpeg, id=160, 1160.335pt x 654.445pt>
File: figs/bandpassin3.jpeg Graphic file (type jpg)
<use figs/bandpassin3.jpeg>
Package pdftex.def Info: figs/bandpassin3.jpeg  used on input line 346.
(pdftex.def)             Requested size: 155.24895pt x 87.55736pt.
<figs/bandpassout3.jpeg, id=161, 1160.335pt x 654.445pt>
File: figs/bandpassout3.jpeg Graphic file (type jpg)
<use figs/bandpassout3.jpeg>
Package pdftex.def Info: figs/bandpassout3.jpeg  used on input line 350.
(pdftex.def)             Requested size: 155.24895pt x 87.55736pt.
[9 <./figs/bandpassin1.jpeg> <./figs/bandpassout1.jpeg>]
<figs/bandpassin4.jpeg, id=175, 1160.335pt x 654.445pt>
File: figs/bandpassin4.jpeg Graphic file (type jpg)
<use figs/bandpassin4.jpeg>
Package pdftex.def Info: figs/bandpassin4.jpeg  used on input line 356.
(pdftex.def)             Requested size: 155.24895pt x 87.55736pt.
<figs/bandpassout4.jpeg, id=176, 1160.335pt x 654.445pt>
File: figs/bandpassout4.jpeg Graphic file (type jpg)
<use figs/bandpassout4.jpeg>
Package pdftex.def Info: figs/bandpassout4.jpeg  used on input line 360.
(pdftex.def)             Requested size: 155.24895pt x 87.55736pt.
<figs/bandpass.png, id=177, 722.7pt x 433.62pt>
File: figs/bandpass.png Graphic file (type png)
<use figs/bandpass.png>
Package pdftex.def Info: figs/bandpass.png  used on input line 367.
(pdftex.def)             Requested size: 276.00105pt x 165.59775pt.
 [10 <./figs/bandpassin2.jpeg> <./figs/bandpassout2.jpeg> <./figs/bandpassin3.j
peg> <./figs/bandpassout3.jpeg> <./figs/bandpassin4.jpeg> <./figs/bandpassout4.
jpeg>] [11 <./figs/bandpass.png>] (./main.aux)
 ***********
LaTeX2e <2023-11-01> patch level 1
L3 programming layer <2024-02-20>
 ***********
Package rerunfilecheck Info: File `main.out' has not changed.
(rerunfilecheck)             Checksum: 485A6B87F77A37F764D8922C20EF0432;1553.
 ) 
Here is how much of TeX's memory you used:
 9560 strings out of 474116
 149102 string characters out of 5743683
 1940187 words of memory out of 5000000
 31744 multiletter control sequences out of 15000+600000
 563787 words of font info for 56 fonts, out of 8000000 for 9000
 1141 hyphenation exceptions out of 8191
 75i,11n,79p,288b,519s stack positions out of 10000i,1000n,20000p,200000b,200000s
</usr/local/texlive/2024/texmf-dist/fonts/type1/public/amsfonts/cm/cmbx10.pfb
></usr/local/texlive/2024/texmf-dist/fonts/type1/public/amsfonts/cm/cmbx12.pfb>
</usr/local/texlive/2024/texmf-dist/fonts/type1/public/amsfonts/cm/cmex10.pfb><
/usr/local/texlive/2024/texmf-dist/fonts/type1/public/amsfonts/cm/cmmi10.pfb></
usr/local/texlive/2024/texmf-dist/fonts/type1/public/amsfonts/cm/cmmi5.pfb></us
r/local/texlive/2024/texmf-dist/fonts/type1/public/amsfonts/cm/cmmi7.pfb></usr/
local/texlive/2024/texmf-dist/fonts/type1/public/amsfonts/cm/cmr10.pfb></usr/lo
cal/texlive/2024/texmf-dist/fonts/type1/public/amsfonts/cm/cmr12.pfb></usr/loca
l/texlive/2024/texmf-dist/fonts/type1/public/amsfonts/cm/cmr17.pfb></usr/local/
texlive/2024/texmf-dist/fonts/type1/public/amsfonts/cm/cmr5.pfb></usr/local/tex
live/2024/texmf-dist/fonts/type1/public/amsfonts/cm/cmr7.pfb></usr/local/texliv
e/2024/texmf-dist/fonts/type1/public/amsfonts/cm/cmr8.pfb></usr/local/texlive/2
024/texmf-dist/fonts/type1/public/amsfonts/cm/cmsy10.pfb></usr/local/texlive/20
24/texmf-dist/fonts/type1/public/amsfonts/cm/cmsy7.pfb></usr/local/texlive/2024
/texmf-dist/fonts/type1/public/cm-super/sfrm1000.pfb>
Output written on main.pdf (11 pages, 2878520 bytes).
PDF statistics:
 281 PDF objects out of 1000 (max. 8388607)
 202 compressed objects within 3 object streams
 80 named destinations out of 1000 (max. 500000)
 223 words of extra memory for PDF output out of 10000 (max. 10000000)

